Thu 21 Mar 2024 01:38:50 PM UTC: 
 exercises.c | 6 ++++++
 1 file changed, 6 insertions(+)
 tests:  1|4
total_score: 10/70
dd9521e
Thu 21 Mar 2024 01:57:44 PM UTC: 
 exercises.c | 10 +++++++++-
 1 file changed, 9 insertions(+), 1 deletion(-)
In file included from test.c:5:
exercises.c: In function ‘sumaLista’:
exercises.c:61:14: error: initialization of ‘int’ from ‘void *’ makes integer from pointer without a cast [-Werror=int-conversion]
   61 |   int dato = first(L);
      |              ^~~~~
exercises.c:64:14: error: comparison between pointer and integer [-Werror]
   64 |   while(dato != NULL)
      |              ^~
exercises.c:66:15: error: invalid type argument of unary ‘*’ (have ‘int’)
   66 |       suma += *dato;
      |               ^~~~~
exercises.c:67:12: error: assignment to ‘int’ from ‘void *’ makes integer from pointer without a cast [-Werror=int-conversion]
   67 |       dato = next(L);
      |            ^
cc1: all warnings being treated as errors
Compilation failed
fb7324e
Thu 21 Mar 2024 01:57:58 PM UTC: 
 exercises.c | 2 +-
 1 file changed, 1 insertion(+), 1 deletion(-)
 tests:  2|3
total_score: 20/70
1639730
Thu 21 Mar 2024 02:41:29 PM UTC: 
 exercises.c | 10 +++++++++-
 1 file changed, 9 insertions(+), 1 deletion(-)
 tests:  3|2
total_score: 40/70
4fd220a
Thu 21 Mar 2024 02:41:43 PM UTC: 
 exercises.c | 2 --
 1 file changed, 2 deletions(-)
 tests:  3|2
total_score: 40/70
7a7b52f
Thu 21 Mar 2024 08:16:58 PM UTC: 
 exercises.c | 14 +++++++++++++-
 1 file changed, 13 insertions(+), 1 deletion(-)
 tests:  3|2
total_score: 40/70
380053b
Thu 21 Mar 2024 08:18:54 PM UTC: 
 exercises.c | 6 +++++-
 1 file changed, 5 insertions(+), 1 deletion(-)
In file included from test.c:5:
exercises.c: In function ‘copia_pila’:
exercises.c:114:3: error: implicit declaration of function ‘free_stack’; did you mean ‘create_stack’? [-Werror=implicit-function-declaration]
  114 |   free_stack(P3);
      |   ^~~~~~~~~~
      |   create_stack
cc1: all warnings being treated as errors
Compilation failed
590c9b7
Thu 21 Mar 2024 08:21:50 PM UTC: 
 exercises.c | 2 --
 1 file changed, 2 deletions(-)
 tests:  3|2
total_score: 40/70
13f8897
Thu 21 Mar 2024 08:22:11 PM UTC: 
 exercises.c | 2 +-
 1 file changed, 1 insertion(+), 1 deletion(-)
In file included from test.c:5:
test.c: In function ‘copia_pila’:
exercises.c:103:14: error: ‘dato’ is used uninitialized [-Werror=uninitialized]
  103 |   while(dato != NULL)
      |              ^
cc1: all warnings being treated as errors
Compilation failed
0b923a8
Thu 21 Mar 2024 08:22:45 PM UTC: 
 exercises.c | 3 ++-
 1 file changed, 2 insertions(+), 1 deletion(-)
 tests:  3|2
total_score: 40/70
50662c8
Thu 21 Mar 2024 08:24:11 PM UTC: 
 exercises.c | 1 +
 1 file changed, 1 insertion(+)
 tests:  4|1
total_score: 50/70
7611637
Thu 21 Mar 2024 08:24:47 PM UTC: 
 exercises.c | 3 ++-
 1 file changed, 2 insertions(+), 1 deletion(-)
 tests:  3|2
total_score: 40/70
11c23ae
Thu 21 Mar 2024 08:25:06 PM UTC: 
 exercises.c | 4 +++-
 1 file changed, 3 insertions(+), 1 deletion(-)
 tests:  4|1
total_score: 50/70
6b30310
Thu 21 Mar 2024 08:29:49 PM UTC: 
 exercises.c | 30 +++++++++++++++++++++++++++++-
 1 file changed, 29 insertions(+), 1 deletion(-)
In file included from test.c:5:
exercises.c: In function ‘parentesisBalanceados’:
exercises.c:128:17: error: implicit declaration of function ‘createStack’; did you mean ‘create_stack’? [-Werror=implicit-function-declaration]
  128 |   Stack* pila = createStack();
      |                 ^~~~~~~~~~~
      |                 create_stack
exercises.c:128:17: error: initialization of ‘Stack *’ {aka ‘List *’} from ‘int’ makes pointer from integer without a cast [-Werror=int-conversion]
exercises.c:129:26: error: passing argument 1 of ‘first’ from incompatible pointer type [-Werror=incompatible-pointer-types]
  129 |   char* elemento = first(cadena);
      |                          ^~~~~~
      |                          |
      |                          char *
In file included from exercises.c:6,
                 from test.c:5:
arraylist.h:10:19: note: expected ‘List *’ but argument is of type ‘char *’
   10 | void* first(List *L);
      |             ~~~~~~^
In file included from test.c:5:
exercises.c:133:17: error: comparison between pointer and integer [-Werror]
  133 |     if(elemento == '(' || elemento == '[' || elemento == '{') push(pila, elemento);
      |                 ^~
exercises.c:133:36: error: comparison between pointer and integer [-Werror]
  133 |     if(elemento == '(' || elemento == '[' || elemento == '{') push(pila, elemento);
      |                                    ^~
exercises.c:133:55: error: comparison between pointer and integer [-Werror]
  133 |     if(elemento == '(' || elemento == '[' || elemento == '{') push(pila, elemento);
      |                                                       ^~
exercises.c:137:10: error: implicit declaration of function ‘isEmpty’ [-Werror=implicit-function-declaration]
  137 |       if(isEmpty(pila)) return 0;
      |          ^~~~~~~
exercises.c:141:21: error: comparison between pointer and integer [-Werror]
  141 |         if(elemento == ')' && elemento_pila == '(') pop(pila);
      |                     ^~
exercises.c:141:45: error: comparison between pointer and integer [-Werror]
  141 |         if(elemento == ')' && elemento_pila == '(') pop(pila);
      |                                             ^~
exercises.c:145:23: error: comparison between pointer and integer [-Werror]
  145 |           if(elemento == ']' && elemento_pila == '[') pop(pila);
      |                       ^~
exercises.c:145:47: error: comparison between pointer and integer [-Werror]
  145 |           if(elemento == ']' && elemento_pila == '[') pop(pila);
      |                                               ^~
exercises.c:149:25: error: comparison between pointer and integer [-Werror]
  149 |             if(elemento == '}' && elemento_pila == '{') pop(pila);
      |                         ^~
exercises.c:149:49: error: comparison between pointer and integer [-Werror]
  149 |             if(elemento == '}' && elemento_pila == '{') pop(pila);
      |                                                 ^~
exercises.c:159:1: error: control reaches end of non-void function [-Werror=return-type]
  159 | }
      | ^
cc1: all warnings being treated as errors
Compilation failed
f4da414
Thu 21 Mar 2024 08:31:50 PM UTC: 
 exercises.c | 35 ++++++++++++++---------------------
 1 file changed, 14 insertions(+), 21 deletions(-)
In file included from test.c:5:
exercises.c: In function ‘parentesisBalanceados’:
exercises.c:128:17: error: implicit declaration of function ‘createStack’; did you mean ‘create_stack’? [-Werror=implicit-function-declaration]
  128 |   Stack* pila = createStack();
      |                 ^~~~~~~~~~~
      |                 create_stack
exercises.c:128:17: error: initialization of ‘Stack *’ {aka ‘List *’} from ‘int’ makes pointer from integer without a cast [-Werror=int-conversion]
exercises.c:135:18: error: passing argument 2 of ‘push’ makes pointer from integer without a cast [-Werror=int-conversion]
  135 |       push(pila, elemento);
      |                  ^~~~~~~~
      |                  |
      |                  char
In file included from exercises.c:7,
                 from test.c:5:
stack.h:11:31: note: expected ‘void *’ but argument is of type ‘char’
   11 | void push(Stack *stack, void *data) { pushFront(stack, data); }
      |                         ~~~~~~^~~~
In file included from test.c:5:
exercises.c:137:10: error: implicit declaration of function ‘isEmpty’ [-Werror=implicit-function-declaration]
  137 |       if(isEmpty(pila))
      |          ^~~~~~~
exercises.c:141:46: error: comparison between pointer and integer [-Werror]
  141 |         if((elemento == ')' && elemento_pila == '(') || (elemento == ']' && elemento_pila == '[') || (elemento == '}' && elemento_pila == '{'))
      |                                              ^~
exercises.c:141:91: error: comparison between pointer and integer [-Werror]
  141 |         if((elemento == ')' && elemento_pila == '(') || (elemento == ']' && elemento_pila == '[') || (elemento == '}' && elemento_pila == '{'))
      |                                                                                           ^~
In file included from test.c:5:
exercises.c:141:136: error: comparison between pointer and integer [-Werror]
  141 |         if((elemento == ')' && elemento_pila == '(') || (elemento == ']' && elemento_pila == '[') || (elemento == '}' && elemento_pila == '{'))
      |                                                                                                                                        ^~
exercises.c: At top level:
exercises.c:149:3: error: expected identifier or ‘(’ before ‘}’ token
  149 |   }
      |   ^
exercises.c:151:3: error: expected identifier or ‘(’ before ‘return’
  151 |   return 1;
      |   ^~~~~~
exercises.c:152:1: error: expected identifier or ‘(’ before ‘}’ token
  152 | }
      | ^
exercises.c: In function ‘parentesisBalanceados’:
exercises.c:148:5: error: control reaches end of non-void function [-Werror=return-type]
  148 |     }
      |     ^
cc1: all warnings being treated as errors
Compilation failed
5d8a22d
Thu 21 Mar 2024 08:32:08 PM UTC: 
 exercises.c | 2 +-
 1 file changed, 1 insertion(+), 1 deletion(-)
In file included from test.c:5:
exercises.c: In function ‘parentesisBalanceados’:
exercises.c:130:3: error: expected ‘,’ or ‘;’ before ‘for’
  130 |   for(int i = 0; cadena[i] != '\0'; i++) {
      |   ^~~
exercises.c:130:25: error: ‘i’ undeclared (first use in this function)
  130 |   for(int i = 0; cadena[i] != '\0'; i++) {
      |                         ^
exercises.c:130:25: note: each undeclared identifier is reported only once for each function it appears in
exercises.c:130:40: error: expected ‘;’ before ‘)’ token
  130 |   for(int i = 0; cadena[i] != '\0'; i++) {
      |                                        ^
      |                                        ;
exercises.c:130:40: error: expected statement before ‘)’ token
exercises.c:135:18: error: passing argument 2 of ‘push’ makes pointer from integer without a cast [-Werror=int-conversion]
  135 |       push(pila, elemento);
      |                  ^~~~~~~~
      |                  |
      |                  char
In file included from exercises.c:7,
                 from test.c:5:
stack.h:11:31: note: expected ‘void *’ but argument is of type ‘char’
   11 | void push(Stack *stack, void *data) { pushFront(stack, data); }
      |                         ~~~~~~^~~~
In file included from test.c:5:
exercises.c:137:10: error: implicit declaration of function ‘isEmpty’ [-Werror=implicit-function-declaration]
  137 |       if(isEmpty(pila))
      |          ^~~~~~~
exercises.c:141:46: error: comparison between pointer and integer [-Werror]
  141 |         if((elemento == ')' && elemento_pila == '(') || (elemento == ']' && elemento_pila == '[') || (elemento == '}' && elemento_pila == '{'))
      |                                              ^~
exercises.c:141:91: error: comparison between pointer and integer [-Werror]
  141 |         if((elemento == ')' && elemento_pila == '(') || (elemento == ']' && elemento_pila == '[') || (elemento == '}' && elemento_pila == '{'))
      |                                                                                           ^~
In file included from test.c:5:
exercises.c:141:136: error: comparison between pointer and integer [-Werror]
  141 |         if((elemento == ')' && elemento_pila == '(') || (elemento == ']' && elemento_pila == '[') || (elemento == '}' && elemento_pila == '{'))
      |                                                                                                                                        ^~
exercises.c: At top level:
exercises.c:149:3: error: expected identifier or ‘(’ before ‘}’ token
  149 |   }
      |   ^
exercises.c:151:3: error: expected identifier or ‘(’ before ‘return’
  151 |   return 1;
      |   ^~~~~~
exercises.c:152:1: error: expected identifier or ‘(’ before ‘}’ token
  152 | }
      | ^
exercises.c: In function ‘parentesisBalanceados’:
exercises.c:148:5: error: control reaches end of non-void function [-Werror=return-type]
  148 |     }
      |     ^
cc1: all warnings being treated as errors
Compilation failed
ba8e288
Thu 21 Mar 2024 08:32:59 PM UTC: 
 exercises.c | 5 +++--
 1 file changed, 3 insertions(+), 2 deletions(-)
In file included from test.c:5:
exercises.c: In function ‘parentesisBalanceados’:
exercises.c:136:18: error: passing argument 2 of ‘push’ makes pointer from integer without a cast [-Werror=int-conversion]
  136 |       push(pila, elemento);
      |                  ^~~~~~~~
      |                  |
      |                  char
In file included from exercises.c:7,
                 from test.c:5:
stack.h:11:31: note: expected ‘void *’ but argument is of type ‘char’
   11 | void push(Stack *stack, void *data) { pushFront(stack, data); }
      |                         ~~~~~~^~~~
In file included from test.c:5:
exercises.c:138:10: error: implicit declaration of function ‘isEmpty’ [-Werror=implicit-function-declaration]
  138 |       if(isEmpty(pila))
      |          ^~~~~~~
exercises.c:142:46: error: comparison between pointer and integer [-Werror]
  142 |         if((elemento == ')' && elemento_pila == '(') || (elemento == ']' && elemento_pila == '[') || (elemento == '}' && elemento_pila == '{'))
      |                                              ^~
exercises.c:142:91: error: comparison between pointer and integer [-Werror]
  142 |         if((elemento == ')' && elemento_pila == '(') || (elemento == ']' && elemento_pila == '[') || (elemento == '}' && elemento_pila == '{'))
      |                                                                                           ^~
In file included from test.c:5:
exercises.c:142:136: error: comparison between pointer and integer [-Werror]
  142 |         if((elemento == ')' && elemento_pila == '(') || (elemento == ']' && elemento_pila == '[') || (elemento == '}' && elemento_pila == '{'))
      |                                                                                                                                        ^~
exercises.c: At top level:
exercises.c:150:3: error: expected identifier or ‘(’ before ‘}’ token
  150 |   }
      |   ^
exercises.c:152:3: error: expected identifier or ‘(’ before ‘return’
  152 |   return 1;
      |   ^~~~~~
exercises.c:153:1: error: expected identifier or ‘(’ before ‘}’ token
  153 | }
      | ^
exercises.c: In function ‘parentesisBalanceados’:
exercises.c:149:5: error: control reaches end of non-void function [-Werror=return-type]
  149 |     }
      |     ^
cc1: all warnings being treated as errors
Compilation failed
7555c24
